states recved: [[-1.2732111e-08  1.0495328e-08  3.8458414e-10  8.2915887e-09
   6.8688841e-09 -7.9684321e-09  2.8776026e-09  1.7956286e-09]
 [-1.2732111e-08  1.0495328e-08  3.8458414e-10  8.2915887e-09
   6.8688841e-09 -7.9684321e-09  2.8776026e-09  1.7956286e-09]]
states recved: [[-1.481137   -0.5275776   0.06872835 -1.2212973   0.09626853 -1.2149786
  -0.42169285  0.7336198 ]
 [ 0.77786016  0.6792435   0.6926252   0.72681516  1.325524    1.2170894
  -1.358819    0.24788484]]
states recved: [[-0.99027866 -0.30261147 -0.5523768   0.20981812  0.583562   -0.6271293
  -0.2157075   0.62920886]
 [ 0.88810813 -0.05153063  0.41042566  1.23629     0.8766875   0.05313358
  -0.2851808   0.28375727]]
states recved: [[-1.1916519e-08 -3.6336321e-09 -4.3890758e-09  2.8054992e-09
  -3.3861562e-09  4.2241450e-09  6.5568235e-09 -6.5661387e-10]
 [-1.1916519e-08 -3.6336321e-09 -4.3890758e-09  2.8054992e-09
  -3.3861562e-09  4.2241450e-09  6.5568235e-09 -6.5661387e-10]]
states recved: [[ 4.1988595e-09 -1.0570374e-08 -5.3798845e-09  1.8175976e-09
  -4.1100454e-10  2.3001614e-09  2.7487137e-09  2.5536910e-09]
 [ 4.1988595e-09 -1.0570374e-08 -5.3798845e-09  1.8175976e-09
  -4.1100454e-10  2.3001614e-09  2.7487137e-09  2.5536910e-09]]
states recved: [[-0.14406586 -0.09151652 -0.00801201  0.55685043 -0.17977037  0.11243176
   0.43111622 -0.25146818]
 [ 1.7310998   0.44733268  0.13928771  0.2862933  -0.45977613  0.50051284
   0.31338254 -0.6826679 ]]
states recved: [[-0.26542786 -0.72392243 -0.63264686  1.1555698   1.0388988  -0.43955976
  -0.53636366  0.6219645 ]
 [ 0.10590786 -0.08365718  0.30247808 -0.21319301 -0.15682912 -0.33252165
  -0.5708512  -0.5896855 ]]
states recved: [[-0.42098367 -0.22257237  0.32622057 -0.4873631   0.41791457 -0.29800782
  -0.17983113 -0.74448156]
 [-0.05628677  0.8287157  -0.21548964  0.24658412  0.60534465  0.4866526
  -0.45083442  0.09271736]]
states recved: [[ 2.3672877e-09 -7.3067929e-09 -1.0747581e-08 -2.6528864e-09
   7.7150970e-09 -2.3981293e-09  5.1227307e-09  1.7213910e-09]
 [ 2.3672877e-09 -7.3067929e-09 -1.0747581e-08 -2.6528864e-09
   7.7150970e-09 -2.3981293e-09  5.1227307e-09  1.7213910e-09]]
states recved: [[-0.8471587  -0.4944177   0.3900048  -0.53583455  0.3307145  -0.09869352
  -0.61040914  1.2130597 ]
 [-0.5546253   0.45088172  0.8456272   0.94518834  0.35277396  0.86457986
  -0.20457025 -1.1177284 ]]
states recved: [[-0.19736566  0.27301258  0.11479475 -0.2352302  -0.03658827 -0.02221822
   0.35348466  0.2562334 ]
 [ 0.20251274  0.13976157  0.41779733 -0.7595874  -1.0368121   0.49620935
   0.2826189  -0.83227944]]
states recved: [[-0.09241384  0.31016818  0.26482892 -0.06447482  1.084842   -0.53549373
  -0.23710908 -0.56050247]
 [-0.48609465  0.12795477  0.13251972 -0.07845676  0.29656914 -0.2669763
   0.2639955   0.27905393]]
states recved: [[ 0.3348355   0.1182999   0.7372951   0.06556697  0.3440584   0.57302034
   0.05763753  0.24828145]
 [-0.7383638  -0.35286596  0.28505614 -0.0340631  -0.09225681  0.08655836
  -0.30789644  0.59193677]]
states recved: [[ 0.0681034   0.27003697 -0.18004926 -1.1683259  -1.1500099   0.3364463
   0.213961    0.01930656]
 [ 0.71870196 -0.04222153  0.53385234 -0.1416398   1.7667105   0.3798994
  -1.3381145   1.4086752 ]]
states recved: [[-0.33093426 -0.61873746 -0.55638623  0.5189326   0.47032857 -0.12000906
  -0.69662803 -0.21402386]
 [-0.7454984   0.32346696  0.14603302 -0.3082687   0.51736474 -0.807345
   0.30015102  0.84103346]]
states recved: [[-0.05429175 -0.16850252 -0.0690829  -0.14397988 -0.35935128  0.42489785
  -0.14847654 -0.1772352 ]
 [ 0.26805532 -0.13980247 -0.11465102  0.38867348 -0.61700463 -0.13561133
   0.36574778  0.6451732 ]]
states recved: [[ 0.23945962 -0.17343327  0.8228574   0.3148906   0.32014102  0.37238592
  -0.27148932  0.21247144]
 [ 0.33816677 -0.28185087  0.35469207 -0.05089971  0.27123758  0.20689793
  -0.0772478  -0.35443434]]
states recved: [[ 1.0219321  -0.9926256   0.40450737  1.1890937   1.9588422   0.508535
  -1.0308533   1.0450888 ]
 [-0.40319908 -0.26559913 -0.33101422  0.2501674  -1.3159505  -0.06844412
   1.271703   -0.6635167 ]]
states recved: [[ 0.1001681  -0.04920784 -0.4945836  -0.23365502 -0.29819196  0.583249
  -0.1419138  -0.62736416]
 [ 0.45939082 -0.63911974 -0.11841837  0.26002756 -0.23889643 -0.10231844
  -1.0970753  -0.89459693]]
states recved: [[ 0.04124609  0.09501418  0.2800211   0.03629908  0.8170308  -1.03059
   0.04402513 -0.0927694 ]
 [-0.6766152  -0.35659125  0.12009107 -0.67044985 -0.12825996  0.8619155
  -0.35879025 -0.8411884 ]]
states recved: [[-0.28499562  0.17757785 -0.12335544 -0.16659732 -0.15379971  0.05182656
   0.15365009  0.3054072 ]
 [ 0.09502763 -0.00263729 -0.7153918  -0.0224714  -0.14966221 -0.5013794
   0.15246834 -0.6371248 ]]
states recved: [[ 0.41512775  0.18380004 -0.92480665 -0.5056803   0.757341   -0.8857617
  -0.54448366  0.44152704]
 [-1.4005942  -0.420056   -0.07961778 -0.73251504 -0.792404   -1.1402738
   0.84099215 -0.3681916 ]]
states recved: [[ 0.01788557 -0.48517227  0.6370089  -0.12122354 -0.20094806 -0.08037671
  -0.6096277  -0.9015623 ]
 [-0.37398025  0.4773651  -0.02938023 -0.45218182 -0.11998996  0.31643596
   0.78993225  0.36458793]]
states recved: [[ 0.6548217  -0.24661446 -0.03041896  0.21372288 -0.07971604 -0.80150306
   0.22757512  0.3783792 ]
 [-0.19948047  0.43461928  0.25104606  0.24567486  0.8286352  -1.1444253
   0.6163713   0.6246463 ]]
states recved: [[ 0.667911   -0.16216284  0.53571266  0.44915342  0.46883562  0.1171501
  -0.20592459 -0.4281605 ]
 [-0.42188975  0.26164493  0.5237846  -0.38838363 -0.11779976  0.635108
   0.24702618  0.8958936 ]]
states recved: [[ 1.4816145  -0.29081717 -0.38032222 -0.86145645 -0.72428435 -0.6924195
   0.42508534  0.14111862]
 [ 0.04072857 -0.5986837  -0.4837666   0.79866403  0.57257795 -0.7155775
  -0.01033045 -0.03738135]]
states recved: [[ 1.0755584  -0.04875595  0.29877174  0.6458903   0.02199055  0.06598189
  -0.28931504 -0.04041576]
 [-0.44259432 -0.0946278  -0.5034996   0.52727425  0.69689065 -0.29946244
   0.33701673  1.1282192 ]]
states recved: [[-0.32271492  0.31631234  0.24229835  0.35578552  0.48686463 -0.53304
   0.28409487  0.4697243 ]
 [ 0.33960918 -0.44434536 -0.1771422  -0.10566788 -0.7668216   0.5398767
  -0.2903779  -0.25821552]]
states recved: [[ 0.5745363   0.1134567  -0.40295815  0.40671372  0.12386359 -0.47364655
  -0.07725116 -0.6674443 ]
 [ 0.95094264 -0.563925    0.4073248   0.28692245  0.5334001   0.0166323
  -0.36077544 -1.0047984 ]]
states recved: [[ 2.7095135e-09 -3.4385148e-09 -3.8050878e-09  4.0182528e-09
   6.2241123e-10 -4.3037890e-10  2.7045339e-09  1.3693807e-10]
 [ 2.7046667e-09 -3.5193717e-09 -3.7449106e-09  4.1381583e-09
   5.6754945e-10 -5.5385990e-10  2.7809952e-09  7.4102113e-11]]
states recved: [[ 0.46908805 -0.4129851   0.11212635 -0.10493665 -0.88838977  0.82634276
  -0.04268254 -1.0425141 ]
 [ 0.09234873  0.0502154   0.65482527  0.30902022  0.28656986 -0.18961763
   0.2718256   0.38375857]]
states recved: [[-0.06474527  0.66460115 -0.17867757  0.26398525  0.30140445  0.23860064
   0.12561281  0.43057606]
 [ 0.02510539 -0.10415053  0.0521521  -0.28026533  0.14952435  0.3483801
  -0.38725698 -0.79206234]]
states recved: [[ 0.2769051  -0.43783283  0.24871403  0.12767503  0.21504396 -0.02343309
  -0.06432997 -0.6295726 ]
 [-0.43962857  0.45709407 -0.5127814  -0.10586925 -0.33955675 -0.19074951
   0.2853936   0.4027698 ]]
states recved: [[-2.3620217e-10 -6.6278054e-09 -5.8864571e-09  5.1473203e-09
  -1.1850468e-09 -6.3307075e-09  6.0590781e-09  1.3831493e-09]
 [-2.3620217e-10 -6.6278054e-09 -5.8864571e-09  5.1473203e-09
  -1.1850468e-09 -6.3307075e-09  6.0590781e-09  1.3831493e-09]]
states recved: [[ 2.6848719e-09  1.5225677e-09 -2.0727375e-09 -3.3934247e-09
   1.2957601e-09 -3.7467216e-09 -3.9295395e-10 -1.1947983e-09]
 [ 2.8175799e-09  1.4702211e-09 -2.2874049e-09 -3.3744187e-09
   1.4073074e-09 -3.8555132e-09 -3.6975117e-10 -1.0894897e-09]]
states recved: [[ 0.6901035   0.18356916 -0.05612504  0.8236785  -0.08897619 -0.8498257
   0.45220315  0.87270415]
 [-0.30320117  0.31679848 -0.07634845  0.0868085   0.00715843  0.7778032
  -0.32890645 -0.17126942]]
states recved: [[-0.23171169 -0.40018505  0.00313002 -0.12860286 -0.06094101 -0.04647926
  -0.29523104  0.02816308]
 [-0.28230456  0.24117166  0.28815916 -0.02954705 -0.11015177  0.28872034
   0.0307578   0.7189296 ]]
states recved: [[ 0.6773165   0.2556408   0.51780933 -0.7958214  -0.6122908   0.4660531
  -0.30149338 -0.16529647]
 [-0.40262946 -0.5893423  -0.34443948  0.43890482 -0.56566525 -0.06286629
  -0.03859042  0.2427763 ]]
states recved: [[ 5.2311151e-09 -1.4444757e-09 -7.5920115e-09 -5.6572276e-09
   1.5011301e-09 -7.4325812e-09  1.3430521e-09 -5.2861604e-11]
 [ 5.2311151e-09 -1.4444757e-09 -7.5920115e-09 -5.6572276e-09
   1.5011301e-09 -7.4325812e-09  1.3430521e-09 -5.2861604e-11]]
states recved: [[-2.6656053e-09  3.1007727e-10 -5.8486507e-11  2.3859836e-09
   1.3037052e-10 -4.6686638e-10  2.2828393e-09 -1.7096808e-09]
 [-2.5660087e-09  3.4386383e-10  7.7433601e-11  2.3714375e-09
   4.9421134e-11 -5.0884552e-10  2.2644686e-09 -1.6165944e-09]]
states recved: [[ 0.38419983 -0.21189657 -0.72355515  0.3633166  -0.00743512 -0.7706529
  -0.08089866 -1.0605797 ]
 [-0.7736675  -0.10246505  0.10032701 -0.274447   -0.26248425  0.15992153
   0.0736434   0.5962552 ]]
states recved: [[ 0.7354057   0.23215295  0.5211195  -0.39070365 -0.7153014   0.34465036
  -0.25138718 -0.1995166 ]
 [ 0.5386553   0.29572612  0.11757755 -0.15703964 -0.25200254  0.08092405
   0.05630975 -0.15705201]]
states recved: [[-0.83674777 -0.13870595  0.50952035  0.22675604 -0.0220812   0.3062539
  -0.42973313 -0.20314898]
 [ 0.04262169 -0.36626238 -0.17273259 -0.3575155   0.32379752 -0.39100674
   0.45350814  0.12030897]]
states recved: [[-1.8932809e-09  8.3436541e-10 -1.8170048e-09  8.1399323e-09
  -1.9723277e-10 -7.3668667e-12  3.4090157e-09  2.3654605e-09]
 [-1.8932809e-09  8.3436541e-10 -1.8170048e-09  8.1399323e-09
  -1.9723277e-10 -7.3668667e-12  3.4090157e-09  2.3654605e-09]]
states recved: [[-4.4196688e-10 -7.1292972e-11 -1.4782255e-09 -1.7762344e-09
   1.0731310e-09 -1.7688682e-09 -9.7473141e-10  8.2379387e-10]
 [-4.5870191e-10 -1.9912841e-10 -1.4505772e-09 -1.5787708e-09
   1.1290813e-09 -1.6955682e-09 -7.1815881e-10  1.0354546e-09]]
states recved: [[-0.3855663  -0.269696   -0.17578429 -0.03905626  0.03073503  0.02268584
  -0.06306085  0.15821153]
 [-0.2934657   0.07952982 -0.2456567   0.49257374  0.75575733 -0.41432804
   0.31481326 -0.05493064]]
states recved: [[-0.78491753 -0.14243563  0.3540765   0.18846798  0.22296095  0.16970667
  -0.37050673 -0.15377769]
 [-0.25591573  0.0700454   0.13107407  0.09498097  0.03816298  0.04512697
  -0.23974    -0.1285842 ]]
states recved: [[ 0.08043706 -0.01662692  0.36531347 -0.6888832   0.14151913 -0.05373653
  -0.54059285 -0.17099415]
 [ 0.1648962  -0.2322203  -0.17711984  0.54467213 -0.25812933  0.01325557
  -0.33667448  0.2597435 ]]
states recved: [[-2.2544662e-09  3.3001998e-10  3.0085845e-10 -5.5058325e-10
   3.4532586e-09 -1.1808774e-09 -2.3540476e-09 -8.8928104e-10]
 [-2.2544662e-09  3.3001998e-10  3.0085845e-10 -5.5058325e-10
   3.4532586e-09 -1.1808774e-09 -2.3540476e-09 -8.8928104e-10]]
states recved: [[ 1.0113745   0.6049341   0.67715275 -0.31172878 -0.29907382  0.15117288
  -0.05514586 -0.4206434 ]
 [-0.26660863 -0.42140862 -0.08300723 -0.62299263 -0.6088059   0.47242337
  -0.3998227   0.25950998]]
states recved: [[ 0.11078297 -0.11409472 -0.00538166 -0.12323554 -0.07729186 -0.0461226
   0.20508933  0.05727731]
 [ 0.6517027   0.2983343  -0.41034594 -0.0241349  -0.11973281 -0.09157357
   0.07951127  0.08565255]]
states recved: [[ 8.8361524e-02 -1.2972923e-01  4.1859204e-01 -6.0315317e-01
  -3.0903772e-02 -1.1004886e-02 -6.4170331e-01 -4.9878031e-02]
 [-7.8759968e-02 -6.8494333e-03  1.7964821e-01 -3.0031314e-01
   5.5658136e-02 -5.3891912e-05 -1.2230905e-01 -1.1496341e-01]]
states recved: [[ 0.2579884   0.0168367   0.22332379  0.08870412 -0.47702938  0.05237242
   0.26465404  0.21474637]
 [ 0.03917905 -0.12749249  0.3805936   0.12133193 -0.06608832  0.08445705
  -0.24990386 -0.19840918]]
states recved: [[ 0.36578894  0.52863586  0.35976622  0.13729024  0.5805137  -0.2236527
   0.18151517 -0.2862029 ]
 [ 1.2361753   0.86392546  0.44055206 -0.05475198 -0.13197446 -0.01247704
   0.23135442 -0.4519327 ]]
states recved: [[-0.63872963  0.13435265  0.20744614  0.36863348  0.13345139  0.26795942
  -0.6364709  -0.1957876 ]
 [-0.4544108  -0.3949072   0.4463319  -0.15610643 -0.08573458  0.07239813
   0.19621299 -0.0408207 ]]
states recved: [[ 0.06779436  0.00612913 -0.16813393  0.23429288  0.00830783 -0.02412012
   0.03613428  0.0330953 ]
 [-0.15115882  0.14066738 -0.17471924  0.28925171  0.01362436  0.04412479
   0.6159255   0.04069239]]
states recved: [[ 0.30556718 -0.13715129  0.28282353  0.19417028 -0.49026987  0.07739876
   0.32753828  0.27332783]
 [ 0.11157194 -0.03566183 -0.02608621  0.0068819  -0.14177379 -0.034244
   0.1741237   0.15413421]]
states recved: [[ 0.48132464  0.25419986  0.10725078  0.22246045 -0.08244988 -0.1181585
   0.13522834 -0.28319025]
 [-0.7715769  -0.4091168  -0.22220437  0.08419155  0.3843489  -0.09672107
  -0.06365948  0.21865723]]
states recved: [[ 0.14689909  0.3653692  -0.16483396  0.31266227 -0.05090335  0.18698171
  -0.3702162  -0.0164368 ]
 [-0.3470623   0.35864913  0.10251062  0.35929275  0.13155472  0.14763282
  -0.6353092  -0.21955971]]
states recved: [[-5.4329582e-02 -4.6182727e-04  5.3050584e-01 -8.0443853e-01
   5.0349675e-02  2.4124760e-02 -3.3484086e-01 -9.6103951e-02]
 [ 2.1808943e-01 -8.1583776e-02 -9.1574050e-02  1.0926731e-02
   6.6482872e-02 -9.9157035e-02 -4.6453351e-01 -8.4077686e-02]]
states recved: [[-0.06856098  0.07440349  0.06620736 -0.04543103  0.05766169  0.01642618
  -0.19168952 -0.16060193]
 [-0.23709022  0.04374214 -0.3666658  -0.10886404  0.42790487 -0.08724969
  -0.06069179 -0.04916449]]
states recved: [[-0.13858315 -0.16308747 -0.36345413  0.39694232 -0.15172991 -0.12834859
   0.15760544  0.16163719]
 [-0.17641324 -0.2621231   0.07838908 -0.34559706 -0.36004815  0.29905885
  -0.29926124  0.16015917]]
states recved: [[-0.10540758  0.1461739  -0.11835755  0.05947489  0.14620146 -0.03082525
  -0.24668573 -0.1032115 ]
 [ 0.36195192 -0.09011291 -0.15142314 -0.14510274 -0.15796205 -0.03647953
   0.31904224  0.14829856]]
states recved: [[-0.15919293  0.13264516  0.20373446 -0.33773804  0.04648337  0.0602354
   0.32777062 -0.02340176]
 [-0.25108573  0.02048184  0.4656482  -0.7229566   0.06211866  0.05330672
  -0.05749218 -0.19078146]]
states recved: [[ 0.24132827 -0.12969112  0.00346551  0.1694979  -0.34059015  0.01644057
   0.5224235   0.4259073 ]
 [ 0.1096757   0.12379968  0.38297853 -0.02735039 -0.31660688  0.07666181
  -0.24495159 -0.19376756]]
states recved: [[ 0.08503252  0.37315762  0.0041783   0.76357657  0.86785614 -0.5736502
   0.43265346 -0.28938884]
 [-0.6716871  -0.68033004 -0.4594074   0.2540894  -0.3152916  -0.00668412
  -0.09956459  0.2901485 ]]
states recved: [[ 0.2599542  -0.05123798 -0.1439481  -0.19944578  0.1552166  -0.28581738
   0.28957996  0.07212595]
 [-0.31716195 -0.26055905  0.2690639  -0.04723114  0.00602157  0.07379231
   0.10434462  0.00922682]]
states recved: [[-7.9265207e-02 -7.6288115e-03  2.2091858e-01 -2.2810420e-01
  -2.7204983e-02  2.8709043e-02 -2.6521351e-02 -1.7888077e-02]
 [ 9.7549215e-02  6.2681064e-02 -2.8586820e-01  4.1427335e-01
   2.8584152e-04 -1.7864067e-02  2.3887432e-01  1.0898258e-01]]
states recved: [[-0.04709743 -0.04964007 -0.34134117  0.02571582  0.15561306 -0.0472768
   0.3217243   0.24634203]
 [ 0.19798593 -0.15934853 -0.24539952  0.05872104 -0.16598073 -0.0860064
   0.53741586  0.45441502]]
